<?xml version="1.0" encoding="UTF-8"?>
<!-- Generated by org.testng.reporters.JUnitReportReporter -->
<testsuite skipped="0" hostname="CVamshikrishna" name="com.qa.testcases.CreditSteps" tests="1" failures="0" timestamp="05 Feb 2024 10:06:17 GMT" time="29.832" errors="0">
  <testcase name="credit_submit" time="29.832" classname="com.qa.testcases.CreditSteps"/>
</testsuite> <!-- com.qa.testcases.CreditSteps -->
