<?xml version="1.0" encoding="UTF-8"?>
<!-- Generated by org.testng.reporters.JUnitReportReporter -->
<testsuite skipped="0" hostname="CVamshikrishna" name="com.qa.testcases.HomePageSteps" tests="1" failures="0" timestamp="18 Mar 2024 04:00:07 GMT" time="29.884" errors="0">
  <testcase name="Launch_Buynow" time="29.884" classname="com.qa.testcases.HomePageSteps"/>
</testsuite> <!-- com.qa.testcases.HomePageSteps -->
