<?xml version="1.0" encoding="UTF-8"?>
<!-- Generated by org.testng.reporters.JUnitReportReporter -->
<testsuite skipped="0" hostname="CVamshikrishna" name="com.qa.testcases.ZipcodeSteps" tests="1" failures="0" timestamp="18 Mar 2024 04:00:07 GMT" time="14.674" errors="0">
  <testcase name="enterZip" time="14.674" classname="com.qa.testcases.ZipcodeSteps"/>
</testsuite> <!-- com.qa.testcases.ZipcodeSteps -->
